Load "c:\\Users\\24066\\Desktop\\STM32\\Gimbal_Control\\USER\\OBJ\\test.axf" 
* JLink Info: Device "UNSPECIFIED" selected.
Set JLink Project File to "c:\Users\24066\Desktop\STM32\Gimbal_Control\USER\JLinkSettings.ini"* JLink Info: Device "UNSPECIFIED" selected.

JLink info:
------------
DLL: V5.00c, compiled Jun 11 2015 11:40:27
Firmware: J-Link V9 compiled May  7 2021 16:26:12
Hardware: V9.70
S/N : 20721473 
Feature(s) : GDB, RDI, FlashBP, FlashDL, JFlash 

* JLink Info: Found SWD-DP with ID 0x2BA01477
* JLink Info: Found Cortex-M4 r0p1, Little endian.
* JLink Info: FPUnit: 6 code (BP) slots and 2 literal slots
* JLink Info: CoreSight components:
* JLink Info: ROMTbl 0 @ E00FF000
* JLink Info: ROMTbl 0 [0]: FFF0F000, CID: B105E00D, PID: 000BB00C SCS
* JLink Info: ROMTbl 0 [1]: FFF02000, CID: B105E00D, PID: 003BB002 DWT
* JLink Info: ROMTbl 0 [2]: FFF03000, CID: B105E00D, PID: 002BB003 FPB
* JLink Info: ROMTbl 0 [3]: FFF01000, CID: B105E00D, PID: 003BB001 ITM
* JLink Info: ROMTbl 0 [4]: FFF41000, CID: B105900D, PID: 000BB9A1 TPIU
* JLink Info: ROMTbl 0 [5]: FFF42000, CID: B105900D, PID: 000BB925 ETM
ROMTableAddr = 0xE00FF003

Target info:
------------
Device: STM32F407VETx
VTarget = 3.296V
State of Pins: TCK: 1, TDI: 1, TDO: 1, TMS: 1, TRES: 1, TRST: 1
Hardware-Breakpoints: 6
Software-Breakpoints: 8192
Watchpoints:          4
JTAG speed: 2000 kHz

Erase Done.Programming Done.Verify OK.Flash Load finished at 08:14:55
